\BOOKMARK [1][]{section.2}{1 Danksagung}{}
\BOOKMARK [0][]{part.3}{I Einleitung}{}
\BOOKMARK [1][]{section.4}{2 Ziel}{part.3}
\BOOKMARK [1][]{section.5}{3 Rahmen des Praktikums}{part.3}
\BOOKMARK [0][]{part.6}{II Analyse}{}
\BOOKMARK [1][]{section.8}{4 Analyse des Marktes}{part.6}
\BOOKMARK [1][]{section.9}{5 Analyse der technischen Voraussetzungen}{part.6}
\BOOKMARK [0][]{part.10}{III Entwurf}{}
\BOOKMARK [1][]{section.11}{6 Entwurf der technischen Umsetzung}{part.10}
\BOOKMARK [2][]{subsection.12}{6.1 Drupal}{section.11}
\BOOKMARK [2][]{subsection.13}{6.2 PHP}{section.11}
\BOOKMARK [2][]{subsection.15}{6.3 Ruby on Rails}{section.11}
\BOOKMARK [2][]{subsection.17}{6.4 Javascript}{section.11}
\BOOKMARK [1][]{section.18}{7 Datensicherheit}{part.10}
\BOOKMARK [0][]{part.19}{IV Implementierungsdetails}{}
\BOOKMARK [1][]{section.20}{8 statistische Berechnungen}{part.19}
\BOOKMARK [1][]{section.21}{9 Phasen der Implementierung}{part.19}
\BOOKMARK [2][]{subsection.25}{9.1 Erwiterung des Webservices www.kanaleo.de}{section.21}
\BOOKMARK [2][]{subsection.27}{9.2 Verarbeitung und Bereitstellung der Daten}{section.21}
\BOOKMARK [2][]{subsection.35}{9.3 Erstellung der Auswertung in Form eines PDFs}{section.21}
\BOOKMARK [0][]{part.39}{V Ausblick}{}
\BOOKMARK [1][]{section.40}{10 Empfehlungen zur weiteren Verwendung}{part.39}
\BOOKMARK [2][]{subsection.41}{10.1 technische Weiterverwendung}{section.40}
\BOOKMARK [2][]{subsection.42}{10.2 wirtschaftliche Weiterverwendung}{section.40}
\BOOKMARK [1][]{section.43}{11 Verbesserungen}{part.39}
